0 info it worked if it ends with ok
1 verbose cli [ 'C:\\Program Files\\nodejs\\node.exe',
1 verbose cli   'C:\\Program Files\\nodejs\\node_modules\\npm\\bin\\npm-cli.js',
1 verbose cli   'run',
1 verbose cli   'build' ]
2 info using npm@3.10.3
3 info using node@v6.3.1
4 verbose run-script [ 'prebuild', 'build', 'postbuild' ]
5 info lifecycle zhihu-daily@1.0.0~prebuild: zhihu-daily@1.0.0
6 silly lifecycle zhihu-daily@1.0.0~prebuild: no script for prebuild, continuing
7 info lifecycle zhihu-daily@1.0.0~build: zhihu-daily@1.0.0
8 verbose lifecycle zhihu-daily@1.0.0~build: unsafe-perm in lifecycle true
9 verbose lifecycle zhihu-daily@1.0.0~build: PATH: C:\Program Files\nodejs\node_modules\npm\bin\node-gyp-bin;E:\learn\vue\vue-zhihu\node_modules\.bin;C:\Program Files\nodejs;C:\ProgramData\Oracle\Java\javapath;C:\Program Files (x86)\Intel\iCLS Client\;C:\Program Files\Intel\iCLS Client\;C:\Windows\system32;C:\Windows;C:\Windows\System32\Wbem;C:\Windows\System32\WindowsPowerShell\v1.0\;C:\Program Files\Lenovo\Fingerprint Manager Pro\;C:\Program Files (x86)\Intel\Intel(R) Management Engine Components\DAL;C:\Program Files\Intel\Intel(R) Management Engine Components\DAL;C:\Program Files (x86)\Intel\Intel(R) Management Engine Components\IPT;C:\Program Files\Intel\Intel(R) Management Engine Components\IPT;C:\Program Files\Intel\WiFi\bin\;C:\Program Files\Common Files\Intel\WirelessCommon\;C:\Program Files\TortoiseSVN\bin;C:\Program Files\nodejs\;D:\nginx-1.10.1;C:\MongoDB\bin;C:\Program Files\Git\cmd;C:\Program Files\Redis\;C:\Program Files\maven\bin;C:\Program Files\Java\jdk1.8.0_112\bin;C:\Program Files\MySQL\MySQL Server 5.5\bin;C:\Users\zhouyongjia\AppData\Roaming\npm;C:\Program Files (x86)\Microsoft VS Code\bin
10 verbose lifecycle zhihu-daily@1.0.0~build: CWD: E:\learn\vue\vue-zhihu
11 silly lifecycle zhihu-daily@1.0.0~build: Args: [ '/d /s /c',
11 silly lifecycle   'cross-env NODE_ENV=production webpack --progress --hide-modules' ]
12 silly lifecycle zhihu-daily@1.0.0~build: Returned: code: 1  signal: null
13 info lifecycle zhihu-daily@1.0.0~build: Failed to exec build script
14 verbose stack Error: zhihu-daily@1.0.0 build: `cross-env NODE_ENV=production webpack --progress --hide-modules`
14 verbose stack Exit status 1
14 verbose stack     at EventEmitter.<anonymous> (C:\Program Files\nodejs\node_modules\npm\lib\utils\lifecycle.js:242:16)
14 verbose stack     at emitTwo (events.js:106:13)
14 verbose stack     at EventEmitter.emit (events.js:191:7)
14 verbose stack     at ChildProcess.<anonymous> (C:\Program Files\nodejs\node_modules\npm\lib\utils\spawn.js:40:14)
14 verbose stack     at emitTwo (events.js:106:13)
14 verbose stack     at ChildProcess.emit (events.js:191:7)
14 verbose stack     at maybeClose (internal/child_process.js:852:16)
14 verbose stack     at Process.ChildProcess._handle.onexit (internal/child_process.js:215:5)
15 verbose pkgid zhihu-daily@1.0.0
16 verbose cwd E:\learn\vue\vue-zhihu
17 error Windows_NT 6.1.7601
18 error argv "C:\\Program Files\\nodejs\\node.exe" "C:\\Program Files\\nodejs\\node_modules\\npm\\bin\\npm-cli.js" "run" "build"
19 error node v6.3.1
20 error npm  v3.10.3
21 error code ELIFECYCLE
22 error zhihu-daily@1.0.0 build: `cross-env NODE_ENV=production webpack --progress --hide-modules`
22 error Exit status 1
23 error Failed at the zhihu-daily@1.0.0 build script 'cross-env NODE_ENV=production webpack --progress --hide-modules'.
23 error Make sure you have the latest version of node.js and npm installed.
23 error If you do, this is most likely a problem with the zhihu-daily package,
23 error not with npm itself.
23 error Tell the author that this fails on your system:
23 error     cross-env NODE_ENV=production webpack --progress --hide-modules
23 error You can get information on how to open an issue for this project with:
23 error     npm bugs zhihu-daily
23 error Or if that isn't available, you can get their info via:
23 error     npm owner ls zhihu-daily
23 error There is likely additional logging output above.
24 verbose exit [ 1, true ]
